This is pdfTeX, Version 3.1415926-2.3-1.40.12 (MiKTeX 2.9 64-bit) (preloaded format=pdflatex 2011.10.10)  16 APR 2012 13:49
entering extended mode
**acta.tex
("D:\My Documents D\Documents\Pasantia\Memoria-Latex\acta.tex"
LaTeX2e <2011/06/27>
Babel <v3.8m> and hyphenation patterns for english, afrikaans, ancientgreek, ar
abic, armenian, assamese, basque, bengali, bokmal, bulgarian, catalan, coptic, 
croatian, czech, danish, dutch, esperanto, estonian, farsi, finnish, french, ga
lician, german, german-x-2009-06-19, greek, gujarati, hindi, hungarian, iceland
ic, indonesian, interlingua, irish, italian, kannada, kurmanji, lao, latin, lat
vian, lithuanian, malayalam, marathi, mongolian, mongolianlmc, monogreek, ngerm
an, ngerman-x-2009-06-19, nynorsk, oriya, panjabi, pinyin, polish, portuguese, 
romanian, russian, sanskrit, serbian, slovak, slovenian, spanish, swedish, swis
sgerman, tamil, telugu, turkish, turkmen, ukenglish, ukrainian, uppersorbian, u
senglishmax, welsh, loaded.

! LaTeX Error: Environment titlepage undefined.

See the LaTeX manual or LaTeX Companion for explanation.
Type  H <return>  for immediate help.
 ...                                              
                                                  
l.2 \begin{titlepage}
                     
Your command was ignored.
Type  I <command> <return>  to replace it with another command,
or  <return>  to continue without it.


! LaTeX Error: Missing \begin{document}.

See the LaTeX manual or LaTeX Companion for explanation.
Type  H <return>  for immediate help.
 ...                                              
                                                  
l.3 \begin{center}
                  
You're in trouble here.  Try typing  <return>  to proceed.
If that doesn't work, type  X <return>  to quit.


Overfull \hbox (20.0pt too wide) in paragraph at lines 3--3
[] 
 []

! Undefined control sequence.
l.6 \includegraphics
                    [scale=0.5,type=png,ext=.png,read=.png]{figures/cebolla} \\
The control sequence at the end of the top line
of your error message was never \def'ed. If you have
misspelled it (e.g., `\hobx'), type `I' and the correct
spelling (e.g., `I\hbox'). Otherwise just continue,
and I'll forget about whatever was undefined.

Missing character: There is no [ in font nullfont!
Missing character: There is no s in font nullfont!
Missing character: There is no c in font nullfont!
Missing character: There is no a in font nullfont!
Missing character: There is no l in font nullfont!
Missing character: There is no e in font nullfont!
Missing character: There is no = in font nullfont!
Missing character: There is no 0 in font nullfont!
Missing character: There is no . in font nullfont!
Missing character: There is no 5 in font nullfont!
Missing character: There is no , in font nullfont!
Missing character: There is no t in font nullfont!
Missing character: There is no y in font nullfont!
Missing character: There is no p in font nullfont!
Missing character: There is no e in font nullfont!
Missing character: There is no = in font nullfont!
Missing character: There is no p in font nullfont!
Missing character: There is no n in font nullfont!
Missing character: There is no g in font nullfont!
Missing character: There is no , in font nullfont!
Missing character: There is no e in font nullfont!
Missing character: There is no x in font nullfont!
Missing character: There is no t in font nullfont!
Missing character: There is no = in font nullfont!
Missing character: There is no . in font nullfont!
Missing character: There is no p in font nullfont!
Missing character: There is no n in font nullfont!
Missing character: There is no g in font nullfont!
Missing character: There is no , in font nullfont!
Missing character: There is no r in font nullfont!
Missing character: There is no e in font nullfont!
Missing character: There is no a in font nullfont!
Missing character: There is no d in font nullfont!
Missing character: There is no = in font nullfont!
Missing character: There is no . in font nullfont!
Missing character: There is no p in font nullfont!
Missing character: There is no n in font nullfont!
Missing character: There is no g in font nullfont!
Missing character: There is no ] in font nullfont!
Missing character: There is no f in font nullfont!
Missing character: There is no i in font nullfont!
Missing character: There is no g in font nullfont!
Missing character: There is no u in font nullfont!
Missing character: There is no r in font nullfont!
Missing character: There is no e in font nullfont!
Missing character: There is no s in font nullfont!
Missing character: There is no / in font nullfont!
Missing character: There is no c in font nullfont!
Missing character: There is no e in font nullfont!
Missing character: There is no b in font nullfont!
Missing character: There is no o in font nullfont!
Missing character: There is no l in font nullfont!
Missing character: There is no l in font nullfont!
Missing character: There is no a in font nullfont!
! Undefined control sequence.
<recently read> \large 
                       
l.8 \textsc {\large UNIVERSIDAD SIM'ON BOL'IVAR}
                                                 \\
The control sequence at the end of the top line
of your error message was never \def'ed. If you have
misspelled it (e.g., `\hobx'), type `I' and the correct
spelling (e.g., `I\hbox'). Otherwise just continue,
and I'll forget about whatever was undefined.


Overfull \hbox (78.48529pt too wide) in paragraph at lines 8--8
 []\OT1/cmr/m/sc/10 UNIVERSIDAD 
 []


Overfull \hbox (39.83289pt too wide) in paragraph at lines 8--8
 \OT1/cmr/m/sc/10 SIM'ON 
 []


Overfull \hbox (53.34665pt too wide) in paragraph at lines 8--8
 \OT1/cmr/m/sc/10 BOL'IVAR 
 []


Overfull \hbox (63.41605pt too wide) in paragraph at lines 10--10
 []\OT1/cmr/m/sc/10 DECANATO 
 []


Overfull \hbox (15.70818pt too wide) in paragraph at lines 10--10
 \OT1/cmr/m/sc/10 DE 
 []


Overfull \hbox (17.30536pt too wide) in paragraph at lines 10--10
 \OT1/cmr/m/sc/10 ES- 
 []


Overfull \hbox (19.77759pt too wide) in paragraph at lines 10--10
 \OT1/cmr/m/sc/10 TU- 
 []


Overfull \hbox (26.9025pt too wide) in paragraph at lines 10--10
 \OT1/cmr/m/sc/10 DIOS 
 []


Overfull \hbox (27.34694pt too wide) in paragraph at lines 10--10
 \OT1/cmr/m/sc/10 PRO- 
 []


Overfull \hbox (18.31926pt too wide) in paragraph at lines 10--10
 \OT1/cmr/m/sc/10 FE- 
 []


Overfull \hbox (30.52745pt too wide) in paragraph at lines 10--10
 \OT1/cmr/m/sc/10 SION- 
 []


Overfull \hbox (28.4997pt too wide) in paragraph at lines 10--10
 \OT1/cmr/m/sc/10 ALES 
 []


Overfull \hbox (92.77684pt too wide) in paragraph at lines 10--11
 []\OT1/cmr/m/sc/10 COORDINACI'ON 
 []


Overfull \hbox (15.70818pt too wide) in paragraph at lines 10--11
 \OT1/cmr/m/sc/10 DE 
 []


Overfull \hbox (15.97205pt too wide) in paragraph at lines 10--11
 \OT1/cmr/m/sc/10 IN- 
 []


Overfull \hbox (19.70813pt too wide) in paragraph at lines 10--11
 \OT1/cmr/m/sc/10 GE- 
 []


Overfull \hbox (42.99951pt too wide) in paragraph at lines 10--11
 \OT1/cmr/m/sc/10 NIER'IA 
 []


Overfull \hbox (15.70818pt too wide) in paragraph at lines 10--11
 \OT1/cmr/m/sc/10 DE 
 []


Overfull \hbox (14.97208pt too wide) in paragraph at lines 10--11
 \OT1/cmr/m/sc/10 LA 
 []


Overfull \hbox (29.97192pt too wide) in paragraph at lines 10--11
 \OT1/cmr/m/sc/10 COM- 
 []


Overfull \hbox (62.08267pt too wide) in paragraph at lines 10--11
 \OT1/cmr/m/sc/10 PUTACI'ON 
 []


Overfull \hbox (30.83302pt too wide) in paragraph at lines 20--21
 []\OT1/cmr/m/sc/10 ACTA 
 []


Overfull \hbox (14.95818pt too wide) in paragraph at lines 20--21
 \OT1/cmr/m/sc/10 FI- 
 []


Overfull \hbox (23.11089pt too wide) in paragraph at lines 20--21
 \OT1/cmr/m/sc/10 NAL 
 []


Overfull \hbox (24.56917pt too wide) in paragraph at lines 20--21
 \OT1/cmr/m/sc/10 PAS- 
 []


Overfull \hbox (36.33296pt too wide) in paragraph at lines 20--21
 \OT1/cmr/m/sc/10 ANT[]IA 
 []


Overfull \hbox (39.33295pt too wide) in paragraph at lines 20--21
 \OT1/cmr/m/sc/10 LARGA 
 []


LaTeX Font Warning: Font shape `OT1/cmr/bx/sc' undefined
(Font)              using `OT1/cmr/bx/n' instead on input line 26.

Missing character: There is no √ in font cmbx10!
Missing character: There is no ì in font cmbx10!
Missing character: There is no √ in font cmbx10!
Missing character: There is no Å in font cmbx10!
Missing character: There is no √ in font cmbx10!
Missing character: There is no ç in font cmbx10!

Overfull \hbox (52.30527pt too wide) in paragraph at lines 26--27
 []\OT1/cmr/bx/n/10 SISTEMA 
 []


Overfull \hbox (16.37491pt too wide) in paragraph at lines 26--27
 \OT1/cmr/bx/n/10 DE 
 []


Overfull \hbox (45.5692pt too wide) in paragraph at lines 26--27
 \OT1/cmr/bx/n/10 APREN- 
 []


Overfull \hbox (42.40254pt too wide) in paragraph at lines 26--27
 \OT1/cmr/bx/n/10 DIZAJE 
 []


Overfull \hbox (16.37491pt too wide) in paragraph at lines 26--27
 \OT1/cmr/bx/n/10 DE 
 []


Overfull \hbox (29.77762pt too wide) in paragraph at lines 26--27
 \OT1/cmr/bx/n/10 CON- 
 []


Overfull \hbox (28.77762pt too wide) in paragraph at lines 26--27
 \OT1/cmr/bx/n/10 TRO- 
 []


Overfull \hbox (55.63858pt too wide) in paragraph at lines 26--27
 \OT1/cmr/bx/n/10 LADORES 
 []


Overfull \hbox (17.0138pt too wide) in paragraph at lines 26--27
 \OT1/cmr/bx/n/10 DI- 
 []


Overfull \hbox (19.91655pt too wide) in paragraph at lines 26--27
 \OT1/cmr/bx/n/10 FU- 
 []


Overfull \hbox (21.41655pt too wide) in paragraph at lines 26--27
 \OT1/cmr/bx/n/10 SOS 
 []


Overfull \hbox (32.91649pt too wide) in paragraph at lines 26--27
 \OT1/cmr/bx/n/10 PARA 
 []


Overfull \hbox (29.77762pt too wide) in paragraph at lines 26--27
 \OT1/cmr/bx/n/10 CON- 
 []


Overfull \hbox (29.80539pt too wide) in paragraph at lines 26--27
 \OT1/cmr/bx/n/10 DUC- 
 []


Overfull \hbox (21.66655pt too wide) in paragraph at lines 26--27
 \OT1/cmr/bx/n/10 CIN 
 []


Overfull \hbox (21.05544pt too wide) in paragraph at lines 26--27
 \OT1/cmr/bx/n/10 AU- 
 []


Overfull \hbox (56.91635pt too wide) in paragraph at lines 26--27
 \OT1/cmr/bx/n/10 TOMTICA 
 []


Overfull \hbox (16.37491pt too wide) in paragraph at lines 26--27
 \OT1/cmr/bx/n/10 DE 
 []


Overfull \hbox (20.08322pt too wide) in paragraph at lines 26--27
 \OT1/cmr/bx/n/10 VE- 
 []


Overfull \hbox (29.98595pt too wide) in paragraph at lines 26--27
 \OT1/cmr/bx/n/10 HCU- 
 []


Overfull \hbox (21.94432pt too wide) in paragraph at lines 26--27
 \OT1/cmr/bx/n/10 LOS 
 []

Missing character: There is no P in font nullfont!
Missing character: There is no r in font nullfont!
Missing character: There is no e in font nullfont!
Missing character: There is no s in font nullfont!
Missing character: There is no e in font nullfont!
Missing character: There is no n in font nullfont!
Missing character: There is no t in font nullfont!
Missing character: There is no a in font nullfont!
Missing character: There is no d in font nullfont!
Missing character: There is no o in font nullfont!
Missing character: There is no p in font nullfont!
Missing character: There is no o in font nullfont!
Missing character: There is no r in font nullfont!
Missing character: There is no : in font nullfont!
Missing character: There is no E in font nullfont!
Missing character: There is no s in font nullfont!
Missing character: There is no t in font nullfont!
Missing character: There is no a in font nullfont!
Missing character: There is no P in font nullfont!
Missing character: There is no a in font nullfont!
Missing character: There is no s in font nullfont!
Missing character: There is no a in font nullfont!
Missing character: There is no n in font nullfont!
Missing character: There is no t in font nullfont!
LaTeX Font Info:    Try loading font information for +cmr on input line 44.
LaTeX Font Info:    No file cmr.fd. on input line 44.

LaTeX Font Warning: Font shape `/cmr/m/n' undefined
(Font)              using `/cmr/m/n' instead on input line 44.

! Corrupted NFSS tables.
wrong@fontshape ...message {Corrupted NFSS tables}
                                                  error@fontshape else let f...
l.44 Esta Pasant\'i
                   a Larga ha sido aprobado por el siguiente jurado examinad...
This error message was generated by an \errmessage
command, so I can't give any explicit help.
Pretend that you're Hercule Poirot: Examine all clues,
and deduce the truth by order and method.


LaTeX Font Warning: Font shape `/cmr/m/n' undefined
(Font)              using `OT1/cmr/m/n' instead on input line 44.

Missing character: There is no a in font nullfont!
Missing character: There is no L in font nullfont!
Missing character: There is no a in font nullfont!
Missing character: There is no r in font nullfont!
Missing character: There is no g in font nullfont!
Missing character: There is no a in font nullfont!
Missing character: There is no h in font nullfont!
Missing character: There is no a in font nullfont!
Missing character: There is no s in font nullfont!
Missing character: There is no i in font nullfont!
Missing character: There is no d in font nullfont!
Missing character: There is no o in font nullfont!
Missing character: There is no a in font nullfont!
Missing character: There is no p in font nullfont!
Missing character: There is no r in font nullfont!
Missing character: There is no o in font nullfont!
Missing character: There is no b in font nullfont!
Missing character: There is no a in font nullfont!
Missing character: There is no d in font nullfont!
Missing character: There is no o in font nullfont!
Missing character: There is no p in font nullfont!
Missing character: There is no o in font nullfont!
Missing character: There is no r in font nullfont!
Missing character: There is no e in font nullfont!
Missing character: There is no l in font nullfont!
Missing character: There is no s in font nullfont!
Missing character: There is no i in font nullfont!
Missing character: There is no g in font nullfont!
Missing character: There is no u in font nullfont!
Missing character: There is no i in font nullfont!
Missing character: There is no e in font nullfont!
Missing character: There is no n in font nullfont!
Missing character: There is no t in font nullfont!
Missing character: There is no e in font nullfont!
Missing character: There is no j in font nullfont!
Missing character: There is no u in font nullfont!
Missing character: There is no r in font nullfont!
Missing character: There is no a in font nullfont!
Missing character: There is no d in font nullfont!
Missing character: There is no o in font nullfont!
Missing character: There is no e in font nullfont!
Missing character: There is no x in font nullfont!
Missing character: There is no a in font nullfont!
Missing character: There is no m in font nullfont!
Missing character: There is no i in font nullfont!
Missing character: There is no n in font nullfont!
Missing character: There is no a in font nullfont!
Missing character: There is no d in font nullfont!
Missing character: There is no o in font nullfont!
Missing character: There is no r in font nullfont!
Missing character: There is no : in font nullfont!
Missing character: There is no P in font nullfont!
Missing character: There is no r in font nullfont!
Missing character: There is no o in font nullfont!
Missing character: There is no f in font nullfont!
Missing character: There is no . in font nullfont!
Missing character: There is no M in font nullfont!
Missing character: There is no a in font nullfont!
Missing character: There is no r in font nullfont!
Missing character: There is no √ in font nullfont!
Missing character: There is no ≠ in font nullfont!
Missing character: There is no a in font nullfont!
Missing character: There is no E in font nullfont!
Missing character: There is no s in font nullfont!
Missing character: There is no t in font nullfont!
Missing character: There is no h in font nullfont!
Missing character: There is no e in font nullfont!
Missing character: There is no r in font nullfont!
Missing character: There is no V in font nullfont!
Missing character: There is no i in font nullfont!
Missing character: There is no d in font nullfont!
Missing character: There is no a in font nullfont!
Missing character: There is no l in font nullfont!
Missing character: There is no P in font nullfont!
Missing character: There is no r in font nullfont!
Missing character: There is no o in font nullfont!
Missing character: There is no f in font nullfont!
Missing character: There is no . in font nullfont!
Missing character: There is no L in font nullfont!
Missing character: There is no e in font nullfont!
Missing character: There is no o in font nullfont!
Missing character: There is no n in font nullfont!
Missing character: There is no i in font nullfont!
Missing character: There is no d in font nullfont!
Missing character: There is no T in font nullfont!
Missing character: There is no i in font nullfont!
Missing character: There is no n in font nullfont!
Missing character: There is no e in font nullfont!
Missing character: There is no o in font nullfont!
LaTeX Font Info:    External font `cmex10' loaded for size
(Font)              <7> on input line 63.
LaTeX Font Info:    External font `cmex10' loaded for size
(Font)              <5> on input line 63.

Overfull \hbox (8191.99998pt too wide) in paragraph at lines 33--64
 []$[]$ 
 []

! Undefined control sequence.
l.70 {\large
             \bfseries Sartenejas, 27/03/2012}
The control sequence at the end of the top line
of your error message was never \def'ed. If you have
misspelled it (e.g., `\hobx'), type `I' and the correct
spelling (e.g., `I\hbox'). Otherwise just continue,
and I'll forget about whatever was undefined.


Overfull \hbox (54.95245pt too wide) in paragraph at lines 70--71
 []\OT1/cmr/bx/sc/10 Sartenejas, 
 []


Overfull \hbox (57.4997pt too wide) in paragraph at lines 70--71
 \OT1/cmr/bx/sc/10 27/03/2012 
 []


! LaTeX Error: \begin{document} ended by \end{titlepage}.

See the LaTeX manual or LaTeX Companion for explanation.
Type  H <return>  for immediate help.
 ...                                              
                                                  
l.73 \end{titlepage}
                    
Your command was ignored.
Type  I <command> <return>  to replace it with another command,
or  <return>  to continue without it.

)
! Emergency stop.
<*> acta.tex
            
*** (job aborted, no legal \end found)

 
Here is how much of TeX's memory you used:
 28 strings out of 494045
 421 string characters out of 3148392
 50890 words of memory out of 3000000
 3417 multiletter control sequences out of 15000+200000
 4249 words of font info for 16 fonts, out of 3000000 for 9000
 715 hyphenation exceptions out of 8191
 20i,3n,18p,137b,220s stack positions out of 5000i,500n,10000p,200000b,50000s
!  ==> Fatal error occurred, no output PDF file produced!
