\BOOKMARK [0][-]{Dedicatoria.0}{Dedicatoria}{}% 1
\BOOKMARK [0][-]{chapter*.3}{\315ndice general}{}% 2
\BOOKMARK [0][-]{chapter*.4}{\315ndice de cuadros}{}% 3
\BOOKMARK [0][-]{chapter*.5}{\315ndice de figuras}{}% 4
\BOOKMARK [0][-]{section*.6}{Lista de abreviaturas y s\355mbolos}{}% 5
\BOOKMARK [0][-]{chapter*.8}{Introducci\363n}{}% 6
\BOOKMARK [0][-]{chapter.1}{Entorno institucional}{}% 7
\BOOKMARK [1][-]{section.1.1}{Centro de Autom\341tica y Rob\363tica}{chapter.1}% 8
\BOOKMARK [2][-]{subsection.1.1.1}{Objetivos del Centro de Autom\341tica y Rob\363tica}{section.1.1}% 9
\BOOKMARK [2][-]{subsection.1.1.2}{Grupo AUTOPIA}{section.1.1}% 10
\BOOKMARK [0][-]{chapter.2}{Marco te\363rico}{}% 11
\BOOKMARK [1][-]{section.2.1}{L\363gica difusa}{chapter.2}% 12
\BOOKMARK [2][-]{subsection.2.1.1}{Conjuntos difusos}{section.2.1}% 13
\BOOKMARK [1][-]{section.2.2}{Controladores difusos}{chapter.2}% 14
\BOOKMARK [2][-]{subsection.2.2.1}{Fuzzificador}{section.2.2}% 15
\BOOKMARK [2][-]{subsection.2.2.2}{Mecanismo de inferencia difusa}{section.2.2}% 16
\BOOKMARK [2][-]{subsection.2.2.3}{Reglas de control difuso}{section.2.2}% 17
\BOOKMARK [2][-]{subsection.2.2.4}{Defuzzificador}{section.2.2}% 18
\BOOKMARK [1][-]{section.2.3}{Sistemas difusos evolutivos}{chapter.2}% 19
\BOOKMARK [1][-]{section.2.4}{ORBEX}{chapter.2}% 20
\BOOKMARK [1][-]{section.2.5}{ZOCO}{chapter.2}% 21
\BOOKMARK [1][-]{section.2.6}{Veh\355culos automatizados}{chapter.2}% 22
\BOOKMARK [1][-]{section.2.7}{TORCS}{chapter.2}% 23
\BOOKMARK [0][-]{chapter.3}{Descripci\363n y an\341lisis del dise\361o}{}% 24
\BOOKMARK [1][-]{section.3.1}{Fase de an\341lisis}{chapter.3}% 25
\BOOKMARK [1][-]{section.3.2}{Dise\361o}{chapter.3}% 26
\BOOKMARK [1][-]{section.3.3}{Implementaci\363n}{chapter.3}% 27
\BOOKMARK [1][-]{section.3.4}{Pruebas}{chapter.3}% 28
\BOOKMARK [0][-]{chapter.4}{Desarrollo de la soluci\363n}{}% 29
\BOOKMARK [1][-]{section.4.1}{Acondicionamiento}{chapter.4}% 30
\BOOKMARK [1][-]{section.4.2}{Aprendizaje local}{chapter.4}% 31
\BOOKMARK [2][-]{subsection.4.2.1}{Elecci\363n de la constante de normalizaci\363n}{section.4.2}% 32
\BOOKMARK [2][-]{subsection.4.2.2}{Condicionamiento de la modificaci\363n de singletons}{section.4.2}% 33
\BOOKMARK [1][-]{section.4.3}{Aprendizaje global}{chapter.4}% 34
\BOOKMARK [1][-]{section.4.4}{Ajuste de la aceleraci\363n}{chapter.4}% 35
\BOOKMARK [2][-]{subsection.4.4.1}{Ajuste a la modificaci\363n de singletons}{section.4.4}% 36
\BOOKMARK [2][-]{subsection.4.4.2}{Ajustes del pedal}{section.4.4}% 37
\BOOKMARK [0][-]{chapter.5}{Pruebas}{}% 38
\BOOKMARK [1][-]{section.5.1}{Pruebas realizadas con TORCS}{chapter.5}% 39
\BOOKMARK [1][-]{section.5.2}{Pruebas realizadas con veh\355culo automatizado}{chapter.5}% 40
\BOOKMARK [2][-]{subsection.5.2.1}{Perfil constante a 15 km/h}{section.5.2}% 41
\BOOKMARK [2][-]{subsection.5.2.2}{Variando el perfil a lo largo de la ejecuci\363n}{section.5.2}% 42
\BOOKMARK [2][-]{subsection.5.2.3}{Comparaci\363n entre conducci\363n autom\341tica y conducto humano a una velocidad constante de 5 km/h}{section.5.2}% 43
\BOOKMARK [0][-]{chapter.6}{Adaptaci\363n al control autom\341tico del volante}{}% 44
\BOOKMARK [1][-]{section.6.1}{Pruebas realizadas con TORCS}{chapter.6}% 45
\BOOKMARK [1][-]{section.6.2}{Pruebas realizadas con veh\355culo automatizado}{chapter.6}% 46
\BOOKMARK [0][-]{chapter.7}{Conclusiones y recomendaciones}{}% 47
\BOOKMARK [0][-]{chapter*.54}{Bibliograf\355a}{}% 48
\BOOKMARK [0][-]{appendix.Alph1}{CSIC}{}% 49
\BOOKMARK [0][-]{appendix.Alph2}{ORBEX}{}% 50
\BOOKMARK [1][-]{section.Alph2.1}{Dise\361o de controlador}{appendix.Alph2}% 51
\BOOKMARK [1][-]{section.Alph2.2}{Definici\363n formal de la gram\341tica}{appendix.Alph2}% 52
\BOOKMARK [1][-]{section.Alph2.3}{Controlador}{appendix.Alph2}% 53
\BOOKMARK [0][-]{appendix.Alph3}{Zona de conducci\363n}{}% 54
\BOOKMARK [0][-]{appendix.Alph4}{Veh\355culos automatizados}{}% 55
\BOOKMARK [1][-]{section.Alph4.1}{Sistema de navegaci\363n de Platero}{appendix.Alph4}% 56
\BOOKMARK [1][-]{section.Alph4.2}{Sistema de aceleraci\363n y freno de Platero}{appendix.Alph4}% 57
\BOOKMARK [0][-]{appendix.Alph5}{Pruebas simuladas con TORCS}{}% 58
\BOOKMARK [1][-]{section.Alph5.1}{Atributos de los veh\355culos de TORCS}{appendix.Alph5}% 59
